2025-10-14 09:52:00 [[32minfo[39m] [Cron] Memulai fetch berita...
2025-10-14 09:52:00 [[31merror[39m] [Cron Error] Gagal parsing okezone: 
Invalid `prisma.source.upsert()` invocation in
C:\Users\Bootcamp Dumbways\one-news-paper\one-news-portal\src\services\news.service.ts:82:46

  79     articles: NormalizedArticle[],
  80     source: { name: string; url: string; rssUrl: string; category: string }
  81 ): Promise<void> {
→ 82     const sourceRecord = await prisma.source.upsert(
The table `public.Source` does not exist in the current database.
2025-10-14 09:53:00 [[32minfo[39m] [Cron] Memulai fetch berita...
2025-10-14 09:53:00 [[31merror[39m] [Cron Error] Gagal parsing okezone: 
Invalid `prisma.source.upsert()` invocation in
C:\Users\Bootcamp Dumbways\one-news-paper\one-news-portal\src\services\news.service.ts:82:46

  79     articles: NormalizedArticle[],
  80     source: { name: string; url: string; rssUrl: string; category: string }
  81 ): Promise<void> {
→ 82     const sourceRecord = await prisma.source.upsert(
The table `public.Source` does not exist in the current database.
2025-10-14 09:54:00 [[32minfo[39m] [Cron] Memulai fetch berita...
2025-10-14 09:54:00 [[31merror[39m] [Cron Error] Gagal parsing okezone: 
Invalid `prisma.source.upsert()` invocation in
C:\Users\Bootcamp Dumbways\one-news-paper\one-news-portal\src\services\news.service.ts:82:46

  79     articles: NormalizedArticle[],
  80     source: { name: string; url: string; rssUrl: string; category: string }
  81 ): Promise<void> {
→ 82     const sourceRecord = await prisma.source.upsert(
The table `public.Source` does not exist in the current database.
2025-10-14 09:56:00 [[32minfo[39m] [Cron] Memulai fetch berita...
2025-10-14 09:57:00 [[32minfo[39m] [Cron] Memulai fetch berita...
2025-10-14 09:57:01 [[31merror[39m] [Cron Error] Gagal parsing viva: Request timed out after 60000ms
2025-10-14 09:58:00 [[32minfo[39m] [Cron] Memulai fetch berita...
2025-10-14 09:58:01 [[31merror[39m] [Cron Error] Gagal parsing antaranews: Request timed out after 60000ms
2025-10-14 09:59:00 [[32minfo[39m] [Cron] Memulai fetch berita...
2025-10-14 09:59:00 [[31merror[39m] [Cron Error] Gagal parsing okezone: Request timed out after 60000ms
2025-10-14 09:59:01 [[32minfo[39m] [Cron] Berhasil update berita.
2025-10-14 10:00:00 [[32minfo[39m] [Cron] Memulai fetch berita...
2025-10-14 10:00:02 [[32minfo[39m] [Cron] Berhasil update berita.
2025-10-14 10:30:00 [[32minfo[39m] [Cron] Memulai fetch berita...
2025-10-14 10:31:01 [[31merror[39m] [Cron Error] Gagal parsing viva: Request timed out after 60000ms
2025-10-14 10:40:00 [[32minfo[39m] [Cron] Memulai fetch berita...
2025-10-14 10:50:00 [[32minfo[39m] [Cron] Memulai fetch berita...
2025-10-14 10:51:00 [[31merror[39m] [Cron Error] Gagal parsing cnn: Request timed out after 60000ms
2025-10-14 11:00:00 [[32minfo[39m] [Cron] Memulai fetch berita...
2025-10-14 11:01:02 [[31merror[39m] [Cron Error] Gagal parsing antaranews: Request timed out after 60000ms
2025-10-14 11:10:00 [[32minfo[39m] [Cron] Memulai fetch berita...
2025-10-14 11:11:00 [[31merror[39m] [Cron Error] Gagal parsing cnn: Request timed out after 60000ms
2025-10-14 11:20:00 [[32minfo[39m] [Cron] Memulai fetch berita...
2025-10-14 11:20:05 [[32minfo[39m] [Cron] Berhasil update berita.
2025-10-14 11:30:00 [[32minfo[39m] [Cron] Memulai fetch berita...
2025-10-14 11:40:00 [[32minfo[39m] [Cron] Memulai fetch berita...
2025-10-14 11:41:01 [[31merror[39m] [Cron Error] Gagal parsing viva: Request timed out after 60000ms
2025-10-14 11:50:00 [[32minfo[39m] [Cron] Memulai fetch berita...
2025-10-14 11:51:00 [[31merror[39m] [Cron Error] Gagal parsing cnn: Request timed out after 60000ms
2025-10-14 12:10:00 [[32minfo[39m] [Cron] Memulai fetch berita...
2025-10-14 12:11:02 [[31merror[39m] [Cron Error] Gagal parsing antaranews: Request timed out after 60000ms
2025-10-14 12:30:00 [[32minfo[39m] [Cron] Memulai fetch berita...
2025-10-14 12:31:00 [[31merror[39m] [Cron Error] Gagal parsing cnn: Request timed out after 60000ms
2025-10-14 12:40:00 [[32minfo[39m] [Cron] Memulai fetch berita...
2025-10-14 12:41:01 [[31merror[39m] [Cron Error] Gagal parsing cnbc: Request timed out after 60000ms
2025-10-14 13:00:00 [[32minfo[39m] [Cron] Memulai fetch berita...
2025-10-14 13:01:02 [[31merror[39m] [Cron Error] Gagal parsing viva: Request timed out after 60000ms
2025-10-14 13:10:00 [[32minfo[39m] [Cron] Memulai fetch berita...
2025-10-14 13:10:03 [[32minfo[39m] [Cron] Berhasil update berita.
2025-10-14 13:20:00 [[32minfo[39m] [Cron] Memulai fetch berita...
2025-10-14 13:22:40 [[31merror[39m] [Cron Error] Gagal parsing viva: Request timed out after 60000ms
2025-10-14 13:30:00 [[32minfo[39m] [Cron] Memulai fetch berita...
2025-10-14 13:31:00 [[31merror[39m] [Cron Error] Gagal parsing cnn: Request timed out after 60000ms
2025-10-14 13:40:00 [[32minfo[39m] [Cron] Memulai fetch berita...
2025-10-14 13:41:00 [[31merror[39m] [Cron Error] Gagal parsing okezone: Request timed out after 60000ms
2025-10-14 13:50:00 [[32minfo[39m] [Cron] Memulai fetch berita...
2025-10-14 13:50:02 [[32minfo[39m] [Cron] Berhasil update berita.
2025-10-14 14:00:00 [[32minfo[39m] [Cron] Memulai fetch berita...
2025-10-14 14:00:03 [[32minfo[39m] [Cron] Berhasil update berita.
2025-10-14 14:10:00 [[32minfo[39m] [Cron] Memulai fetch berita...
2025-10-14 14:10:03 [[32minfo[39m] [Cron] Berhasil update berita.
2025-10-14 14:20:00 [[32minfo[39m] [Cron] Memulai fetch berita...
2025-10-14 14:20:02 [[32minfo[39m] [Cron] Berhasil update berita.
2025-10-14 16:10:00 [[32minfo[39m] [Cron] Memulai fetch berita...
2025-10-14 16:10:03 [[32minfo[39m] [Cron] Berhasil update berita.
2025-10-14 16:20:00 [[32minfo[39m] [Cron] Memulai fetch berita...
2025-10-14 16:21:02 [[31merror[39m] [Cron Error] Gagal parsing viva: Request timed out after 60000ms
2025-10-14 16:30:00 [[32minfo[39m] [Cron] Memulai fetch berita...
2025-10-14 16:30:02 [[32minfo[39m] [Cron] Berhasil update berita.
2025-10-14 16:40:00 [[32minfo[39m] [Cron] Memulai fetch berita...
2025-10-14 16:41:00 [[31merror[39m] [Cron Error] Gagal parsing cnn: Request timed out after 60000ms
2025-10-14 16:50:00 [[32minfo[39m] [Cron] Memulai fetch berita...
2025-10-14 16:51:00 [[31merror[39m] [Cron Error] Gagal parsing okezone: Request timed out after 60000ms
2025-10-14 17:00:00 [[32minfo[39m] [Cron] Memulai fetch berita...
2025-10-14 17:00:02 [[32minfo[39m] [Cron] Berhasil update berita.
2025-10-14 17:10:00 [[32minfo[39m] [Cron] Memulai fetch berita...
2025-10-14 17:11:01 [[31merror[39m] [Cron Error] Gagal parsing cnbc: Request timed out after 60000ms
2025-10-14 17:20:00 [[32minfo[39m] [Cron] Memulai fetch berita...
2025-10-14 17:21:01 [[31merror[39m] [Cron Error] Gagal parsing cnn: Request timed out after 60000ms
2025-10-14 17:30:00 [[32minfo[39m] [Cron] Memulai fetch berita...
2025-10-14 17:30:03 [[32minfo[39m] [Cron] Berhasil update berita.
2025-10-14 17:40:00 [[32minfo[39m] [Cron] Memulai fetch berita...
2025-10-14 17:41:00 [[31merror[39m] [Cron Error] Gagal parsing cnn: Request timed out after 60000ms
2025-10-14 17:50:00 [[32minfo[39m] [Cron] Memulai fetch berita...
2025-10-14 17:50:03 [[32minfo[39m] [Cron] Berhasil update berita.
2025-10-14 18:50:00 [[32minfo[39m] [Cron] Memulai fetch berita...
2025-10-14 18:51:02 [[31merror[39m] [Cron Error] Gagal parsing viva: Request timed out after 60000ms
2025-10-14 19:00:00 [[32minfo[39m] [Cron] Memulai fetch berita...
2025-10-14 19:01:01 [[31merror[39m] [Cron Error] Gagal parsing antaranews: Request timed out after 60000ms
2025-10-15 07:20:00 [[32minfo[39m] [Cron] Memulai fetch berita...
2025-10-15 07:20:03 [[32minfo[39m] [Cron] Berhasil update berita.
2025-10-15 07:30:00 [[32minfo[39m] [Cron] Memulai fetch berita...
2025-10-15 07:31:02 [[31merror[39m] [Cron Error] Gagal parsing viva: Request timed out after 60000ms
2025-10-15 07:40:00 [[32minfo[39m] [Cron] Memulai fetch berita...
2025-10-15 07:41:00 [[31merror[39m] [Cron Error] Gagal parsing cnn: Request timed out after 60000ms
2025-10-15 07:50:00 [[32minfo[39m] [Cron] Memulai fetch berita...
2025-10-15 07:51:02 [[31merror[39m] [Cron Error] Gagal parsing viva: Request timed out after 60000ms
2025-10-15 08:00:00 [[32minfo[39m] [Cron] Memulai fetch berita...
2025-10-15 08:01:01 [[31merror[39m] [Cron Error] Gagal parsing cnbc: Request timed out after 60000ms
2025-10-15 08:10:00 [[32minfo[39m] [Cron] Memulai fetch berita...
2025-10-15 08:11:00 [[31merror[39m] [Cron Error] Gagal parsing okezone: Request timed out after 60000ms
2025-10-15 08:20:00 [[32minfo[39m] [Cron] Memulai fetch berita...
2025-10-15 08:21:01 [[31merror[39m] [Cron Error] Gagal parsing viva: Request timed out after 60000ms
2025-10-15 08:30:00 [[32minfo[39m] [Cron] Memulai fetch berita...
2025-10-15 08:30:03 [[32minfo[39m] [Cron] Berhasil update berita.
2025-10-15 08:50:00 [[32minfo[39m] [Cron] Memulai fetch berita...
2025-10-15 08:51:00 [[31merror[39m] [Cron Error] Gagal parsing cnn: Request timed out after 60000ms
2025-10-15 09:00:00 [[32minfo[39m] [Cron] Memulai fetch berita...
2025-10-15 09:01:01 [[31merror[39m] [Cron Error] Gagal parsing cnbc: Request timed out after 60000ms
2025-10-15 09:10:00 [[32minfo[39m] [Cron] Memulai fetch berita...
2025-10-15 09:10:03 [[32minfo[39m] [Cron] Berhasil update berita.
2025-10-15 09:20:00 [[32minfo[39m] [Cron] Memulai fetch berita...
2025-10-15 09:21:00 [[31merror[39m] [Cron Error] Gagal parsing cnn: Request timed out after 60000ms
2025-10-15 09:30:00 [[32minfo[39m] [Cron] Memulai fetch berita...
2025-10-15 09:30:03 [[32minfo[39m] [Cron] Berhasil update berita.
2025-10-15 10:00:00 [[32minfo[39m] [Cron] Memulai fetch berita...
2025-10-15 10:01:01 [[31merror[39m] [Cron Error] Gagal parsing cnn: Request timed out after 60000ms
2025-10-15 10:10:00 [[32minfo[39m] [Cron] Memulai fetch berita...
2025-10-15 10:10:02 [[32minfo[39m] [Cron] Berhasil update berita.
2025-10-15 10:20:00 [[32minfo[39m] [Cron] Memulai fetch berita...
2025-10-15 10:20:03 [[32minfo[39m] [Cron] Berhasil update berita.
2025-10-15 10:30:00 [[32minfo[39m] [Cron] Memulai fetch berita...
2025-10-15 10:31:01 [[31merror[39m] [Cron Error] Gagal parsing okezone: Request timed out after 60000ms
2025-10-15 10:40:00 [[32minfo[39m] [Cron] Memulai fetch berita...
2025-10-15 10:40:02 [[32minfo[39m] [Cron] Berhasil update berita.
2025-10-15 10:50:00 [[32minfo[39m] [Cron] Memulai fetch berita...
2025-10-15 10:51:02 [[31merror[39m] [Cron Error] Gagal parsing antaranews: Request timed out after 60000ms
2025-10-15 11:00:00 [[32minfo[39m] [Cron] Memulai fetch berita...
2025-10-15 11:01:00 [[31merror[39m] [Cron Error] Gagal parsing okezone: Request timed out after 60000ms
2025-10-15 11:10:00 [[32minfo[39m] [Cron] Memulai fetch berita...
2025-10-15 11:10:02 [[32minfo[39m] [Cron] Berhasil update berita.
2025-10-15 11:20:00 [[32minfo[39m] [Cron] Memulai fetch berita...
2025-10-15 11:21:00 [[31merror[39m] [Cron Error] Gagal parsing cnn: Request timed out after 60000ms
2025-10-15 11:30:00 [[32minfo[39m] [Cron] Memulai fetch berita...
2025-10-15 11:30:03 [[32minfo[39m] [Cron] Berhasil update berita.
2025-10-15 11:40:00 [[32minfo[39m] [Cron] Memulai fetch berita...
2025-10-15 11:40:02 [[32minfo[39m] [Cron] Berhasil update berita.
2025-10-15 11:50:00 [[32minfo[39m] [Cron] Memulai fetch berita...
2025-10-15 11:50:02 [[32minfo[39m] [Cron] Berhasil update berita.
2025-10-15 12:00:00 [[32minfo[39m] [Cron] Memulai fetch berita...
2025-10-15 12:01:02 [[31merror[39m] [Cron Error] Gagal parsing viva: Request timed out after 60000ms
2025-10-15 12:10:00 [[32minfo[39m] [Cron] Memulai fetch berita...
2025-10-15 12:11:01 [[31merror[39m] [Cron Error] Gagal parsing cnbc: Request timed out after 60000ms
2025-10-15 12:20:00 [[32minfo[39m] [Cron] Memulai fetch berita...
2025-10-15 12:20:02 [[32minfo[39m] [Cron] Berhasil update berita.
2025-10-15 12:30:00 [[32minfo[39m] [Cron] Memulai fetch berita...
2025-10-15 12:30:01 [[32minfo[39m] [Cron] Berhasil update berita.
2025-10-15 12:40:00 [[32minfo[39m] [Cron] Memulai fetch berita...
2025-10-15 12:40:02 [[32minfo[39m] [Cron] Berhasil update berita.
2025-10-15 13:00:00 [[32minfo[39m] [Cron] Memulai fetch berita...
2025-10-15 13:01:01 [[31merror[39m] [Cron Error] Gagal parsing cnbc: Request timed out after 60000ms
2025-10-15 13:20:00 [[32minfo[39m] [Cron] Memulai fetch berita...
2025-10-15 13:20:02 [[32minfo[39m] [Cron] Berhasil update berita.
2025-10-15 13:30:00 [[32minfo[39m] [Cron] Memulai fetch berita...
2025-10-15 13:31:02 [[31merror[39m] [Cron Error] Gagal parsing viva: Request timed out after 60000ms
2025-10-15 13:40:00 [[32minfo[39m] [Cron] Memulai fetch berita...
2025-10-15 13:40:02 [[32minfo[39m] [Cron] Berhasil update berita.
2025-10-15 13:50:00 [[32minfo[39m] [Cron] Memulai fetch berita...
2025-10-15 13:51:00 [[31merror[39m] [Cron Error] Gagal parsing cnn: Request timed out after 60000ms
2025-10-15 14:00:00 [[32minfo[39m] [Cron] Memulai fetch berita...
2025-10-15 14:01:00 [[31merror[39m] [Cron Error] Gagal parsing cnn: Request timed out after 60000ms
2025-10-15 14:10:00 [[32minfo[39m] [Cron] Memulai fetch berita...
2025-10-15 14:11:00 [[31merror[39m] [Cron Error] Gagal parsing cnn: Request timed out after 60000ms
2025-10-15 14:20:00 [[32minfo[39m] [Cron] Memulai fetch berita...
2025-10-15 14:20:03 [[32minfo[39m] [Cron] Berhasil update berita.
2025-10-15 14:30:00 [[32minfo[39m] [Cron] Memulai fetch berita...
2025-10-15 14:31:00 [[31merror[39m] [Cron Error] Gagal parsing cnn: Request timed out after 60000ms
2025-10-15 14:53:50 [[31merror[39m] [GET] /get-stockbit-user-post - Gagal mengambil data dari Stockbit
2025-10-15 14:55:40 [[31merror[39m] [GET] /get-stockbit-user-post - Gagal mengambil data dari Stockbit
2025-10-15 15:00:00 [[32minfo[39m] [Cron] Memulai fetch berita...
2025-10-15 15:01:01 [[31merror[39m] [Cron Error] Gagal parsing cnn: Request timed out after 60000ms
2025-10-15 15:02:00 [[32minfo[39m] [Cron] Memulai fetch berita...
2025-10-15 15:02:03 [[32minfo[39m] [Cron] Berhasil update berita.
2025-10-15 15:04:00 [[32minfo[39m] [Cron] Memulai fetch berita...
2025-10-15 15:04:02 [[32minfo[39m] [Cron] Berhasil update berita.
2025-10-15 15:06:00 [[32minfo[39m] [Cron] Memulai fetch berita...
2025-10-15 15:06:01 [[32minfo[39m] [Cron] Berhasil update berita.
2025-10-15 15:08:00 [[32minfo[39m] [Cron] Memulai fetch berita...
2025-10-15 15:08:01 [[32minfo[39m] [Cron] Berhasil update berita.
2025-10-15 15:10:00 [[32minfo[39m] [Cron] Memulai fetch berita...
2025-10-15 15:10:01 [[32minfo[39m] [Cron] Berhasil update berita.
2025-10-16 12:26:00 [[32minfo[39m] [Cron] Memulai fetch berita...
2025-10-16 12:26:02 [[32minfo[39m] [Cron] Berhasil update berita.
2025-10-16 12:28:00 [[32minfo[39m] [Cron] Memulai fetch berita...
2025-10-16 12:28:01 [[32minfo[39m] [Cron] Berhasil update berita.
2025-10-16 12:30:00 [[32minfo[39m] [Cron] Memulai fetch berita...
2025-10-16 12:30:01 [[32minfo[39m] [Cron] Berhasil update berita.
2025-10-16 12:32:00 [[32minfo[39m] [Cron] Memulai fetch berita...
2025-10-16 14:45:39 [[31merror[39m] [Cron Error] Gagal parsing viva: Request timed out after 60000ms
2025-10-16 14:46:00 [[32minfo[39m] [Cron] Memulai fetch berita...
2025-10-16 14:47:22 [[31merror[39m] [Cron Error] Gagal parsing cnn: Request timed out after 60000ms
2025-10-16 14:48:00 [[32minfo[39m] [Cron] Memulai fetch berita...
2025-10-16 14:49:28 [[32minfo[39m] [Cron] Berhasil update berita.
2025-10-16 14:50:00 [[32minfo[39m] [Cron] Memulai fetch berita...
2025-10-16 14:51:00 [[31merror[39m] [Cron Error] Gagal parsing cnn: Request timed out after 60000ms
2025-10-16 14:52:00 [[32minfo[39m] [Cron] Memulai fetch berita...
2025-10-16 14:53:00 [[31merror[39m] [Cron Error] Gagal parsing cnn: Request timed out after 60000ms
2025-10-16 14:54:00 [[32minfo[39m] [Cron] Memulai fetch berita...
2025-10-16 15:00:00 [[32minfo[39m] [Cron] Memulai fetch berita...
2025-10-16 15:01:01 [[31merror[39m] [Cron Error] Gagal parsing cnbc: Request timed out after 60000ms
2025-10-16 15:15:00 [[32minfo[39m] [Cron] Memulai fetch berita...
2025-10-16 15:16:01 [[31merror[39m] [Cron Error] Gagal parsing cnbc: Request timed out after 60000ms
2025-10-18 13:45:00 [[32minfo[39m] [Cron] Memulai fetch berita...
2025-10-18 13:46:03 [[31merror[39m] [Cron Error] Gagal parsing viva: Request timed out after 60000ms
2025-10-18 14:00:00 [[32minfo[39m] [Cron] Memulai fetch berita...
2025-10-18 14:01:00 [[31merror[39m] [Cron Error] Gagal parsing cnn: Request timed out after 60000ms
2025-10-18 14:15:00 [[32minfo[39m] [Cron] Memulai fetch berita...
2025-10-18 14:15:03 [[32minfo[39m] [Cron] Berhasil update berita.
2025-10-18 14:30:00 [[32minfo[39m] [Cron] Memulai fetch berita...
2025-10-18 14:31:00 [[31merror[39m] [Cron Error] Gagal parsing cnbc: Request timed out after 60000ms
2025-10-20 12:00:00 [[32minfo[39m] [Cron] Memulai fetch berita...
2025-10-20 12:01:04 [[31merror[39m] [Cron Error] Gagal parsing viva: Request timed out after 60000ms
2025-10-22 12:45:00 [[32minfo[39m] [Cron] Memulai fetch berita...
2025-10-22 12:45:02 [[32minfo[39m] [Cron] Berhasil update berita.
2025-10-22 13:00:00 [[32minfo[39m] [Cron] Memulai fetch berita...
2025-10-22 13:00:04 [[32minfo[39m] [Cron] Berhasil update berita.
2025-10-22 16:30:00 [[32minfo[39m] [Cron] Memulai fetch berita...
2025-10-22 16:30:04 [[32minfo[39m] [Cron] Berhasil update berita.
2025-10-22 17:15:00 [[32minfo[39m] [Cron] Memulai fetch berita...
2025-10-22 17:15:04 [[32minfo[39m] [Cron] Berhasil update berita.
2025-10-23 15:30:00 [[32minfo[39m] [Cron] Memulai fetch berita...
2025-10-23 15:31:02 [[31merror[39m] [Cron Error] Gagal parsing sindonews: Request timed out after 60000ms
2025-10-23 16:30:00 [[32minfo[39m] [Cron] Memulai fetch berita...
2025-10-23 16:30:02 [[32minfo[39m] [Cron] Berhasil update berita.
2025-10-29 15:35:00 [[32minfo[39m] [Cron] Memulai fetch berita...
2025-10-29 15:35:02 [[32minfo[39m] [Cron] Berhasil update berita.
2025-10-29 15:36:00 [[32minfo[39m] [Cron] Memulai fetch berita...
2025-10-29 15:36:01 [[32minfo[39m] [Cron] Berhasil update berita.
2025-10-29 15:37:00 [[32minfo[39m] [Cron] Memulai fetch berita...
2025-10-29 15:37:01 [[32minfo[39m] [Cron] Berhasil update berita.
2025-10-29 15:41:00 [[32minfo[39m] [Cron] Memulai fetch berita...
2025-10-29 15:41:01 [[32minfo[39m] [Cron] Berhasil update berita.
2025-10-29 15:42:00 [[32minfo[39m] [Cron] Memulai fetch berita...
2025-10-29 15:42:00 [[32minfo[39m] [Cron] Berhasil update berita.
2025-10-29 15:43:00 [[32minfo[39m] [Cron] Memulai fetch berita...
2025-10-29 15:43:00 [[32minfo[39m] [Cron] Berhasil update berita.
2025-10-29 15:44:00 [[32minfo[39m] [Cron] Memulai fetch berita...
2025-10-29 15:44:00 [[32minfo[39m] [Cron] Berhasil update berita.
2025-10-29 15:45:00 [[32minfo[39m] [Cron] Memulai fetch berita...
2025-10-29 15:45:01 [[32minfo[39m] [Cron] Berhasil update berita.
2025-10-29 15:46:00 [[32minfo[39m] [Cron] Memulai fetch berita...
2025-10-29 15:46:00 [[32minfo[39m] [Cron] Berhasil update berita.
2025-10-29 15:47:00 [[32minfo[39m] [Cron] Memulai fetch berita...
2025-10-29 15:47:01 [[32minfo[39m] [Cron] Berhasil update berita.
2025-10-29 15:48:00 [[32minfo[39m] [Cron] Memulai fetch berita...
2025-10-29 15:48:01 [[32minfo[39m] [Cron] Berhasil update berita.
2025-10-29 15:49:00 [[32minfo[39m] [Cron] Memulai fetch berita...
2025-10-29 15:49:00 [[32minfo[39m] [Cron] Berhasil update berita.
2025-10-29 16:02:00 [[32minfo[39m] [Cron] Memulai fetch berita...
2025-10-29 16:02:03 [[32minfo[39m] [Cron] Berhasil update berita.
2025-10-29 16:03:00 [[32minfo[39m] [Cron] Memulai fetch berita...
2025-10-29 16:03:02 [[32minfo[39m] [Cron] Berhasil update berita.
2025-10-29 16:04:00 [[32minfo[39m] [Cron] Memulai fetch berita...
2025-10-29 16:04:03 [[32minfo[39m] [Cron] Berhasil update berita.
2025-10-29 16:05:00 [[32minfo[39m] [Cron] Memulai fetch berita...
2025-10-29 16:05:02 [[32minfo[39m] [Cron] Berhasil update berita.
2025-10-29 16:06:00 [[32minfo[39m] [Cron] Memulai fetch berita...
2025-10-29 16:06:02 [[32minfo[39m] [Cron] Berhasil update berita.
2025-10-29 16:07:00 [[32minfo[39m] [Cron] Memulai fetch berita...
2025-10-29 16:07:01 [[32minfo[39m] [Cron] Berhasil update berita.
2025-10-29 16:08:00 [[32minfo[39m] [Cron] Memulai fetch berita...
2025-10-29 16:08:00 [[32minfo[39m] [Cron] Berhasil update berita.
2025-10-29 16:09:00 [[32minfo[39m] [Cron] Memulai fetch berita...
2025-10-29 16:09:00 [[32minfo[39m] [Cron] Berhasil update berita.
2025-10-29 16:10:00 [[32minfo[39m] [Cron] Memulai fetch berita...
2025-10-29 16:10:00 [[32minfo[39m] [Cron] Berhasil update berita.
2025-10-29 16:11:00 [[32minfo[39m] [Cron] Memulai fetch berita...
2025-10-29 16:11:00 [[32minfo[39m] [Cron] Berhasil update berita.
2025-10-29 16:22:00 [[32minfo[39m] [Cron] Memulai fetch berita...
2025-10-29 16:22:01 [[32minfo[39m] [Cron] Berhasil update berita.
2025-10-29 16:23:00 [[32minfo[39m] [Cron] Memulai fetch berita...
2025-10-29 16:23:01 [[32minfo[39m] [Cron] Berhasil update berita.
2025-10-29 16:24:00 [[32minfo[39m] [Cron] Memulai fetch berita...
2025-10-29 16:24:01 [[32minfo[39m] [Cron] Berhasil update berita.
2025-10-29 16:25:00 [[32minfo[39m] [Cron] Memulai fetch berita...
2025-10-29 16:25:01 [[32minfo[39m] [Cron] Berhasil update berita.
2025-10-29 16:26:00 [[32minfo[39m] [Cron] Memulai fetch berita...
2025-10-29 16:26:01 [[32minfo[39m] [Cron] Berhasil update berita.
2025-10-29 16:27:00 [[32minfo[39m] [Cron] Memulai fetch berita...
2025-10-29 16:27:01 [[32minfo[39m] [Cron] Berhasil update berita.
2025-10-29 16:28:00 [[32minfo[39m] [Cron] Memulai fetch berita...
2025-10-29 16:28:01 [[32minfo[39m] [Cron] Berhasil update berita.
2025-10-29 16:29:00 [[32minfo[39m] [Cron] Memulai fetch berita...
2025-10-29 16:29:01 [[32minfo[39m] [Cron] Berhasil update berita.
2025-10-29 16:30:00 [[32minfo[39m] [Cron] Memulai fetch berita...
2025-10-29 16:30:01 [[32minfo[39m] [Cron] Berhasil update berita.
2025-10-29 16:31:00 [[32minfo[39m] [Cron] Memulai fetch berita...
2025-10-29 16:31:01 [[32minfo[39m] [Cron] Berhasil update berita.
2025-10-29 16:32:00 [[32minfo[39m] [Cron] Memulai fetch berita...
2025-10-29 16:32:02 [[32minfo[39m] [Cron] Berhasil update berita.
2025-10-30 09:30:00 [[32minfo[39m] [Cron] Memulai fetch berita...
2025-10-30 09:30:01 [[32minfo[39m] [Cron] Berhasil update berita.
2025-10-30 10:00:00 [[32minfo[39m] [Cron] Memulai fetch berita...
2025-10-30 10:00:01 [[32minfo[39m] [Cron] Berhasil update berita.
2025-10-30 10:17:26 [[31merror[39m] [GET] /document?page=1&date=20211 - 
Invalid `prisma.document.findMany()` invocation in
C:\Users\Fadli Ramadhan\Bootcamp Dumbways\one-news-paper\one-news-portal\src\services\document.service.ts:29:25

  26 }
  27 
  28 const [documents, total] = await Promise.all([
→ 29     prisma.document.findMany({
           where: {
             category: "Laporan Keuangan",
             date: {
               gte: new Date("Invalid Date"),
                    ~~~~~~~~~~~~~~~~~~~~~~~~
               lte: new Date("Invalid Date")
             }
           },
           orderBy: {
             companyCode: "asc"
           },
           skip: 0,
           take: 25,
           include: {
             company: {
               select: {
                 code: true,
                 name: true
               }
             }
           }
         })

Invalid value for argument `gte`: Provided Date object is invalid. Expected Date.
2025-10-30 10:17:28 [[31merror[39m] [GET] /document?page=1&date=20221 - 
Invalid `prisma.document.findMany()` invocation in
C:\Users\Fadli Ramadhan\Bootcamp Dumbways\one-news-paper\one-news-portal\src\services\document.service.ts:29:25

  26 }
  27 
  28 const [documents, total] = await Promise.all([
→ 29     prisma.document.findMany({
           where: {
             category: "Laporan Keuangan",
             date: {
               gte: new Date("Invalid Date"),
                    ~~~~~~~~~~~~~~~~~~~~~~~~
               lte: new Date("Invalid Date")
             }
           },
           orderBy: {
             companyCode: "asc"
           },
           skip: 0,
           take: 25,
           include: {
             company: {
               select: {
                 code: true,
                 name: true
               }
             }
           }
         })

Invalid value for argument `gte`: Provided Date object is invalid. Expected Date.
2025-10-30 10:17:29 [[31merror[39m] [GET] /document?page=1&date=20211 - 
Invalid `prisma.document.findMany()` invocation in
C:\Users\Fadli Ramadhan\Bootcamp Dumbways\one-news-paper\one-news-portal\src\services\document.service.ts:29:25

  26 }
  27 
  28 const [documents, total] = await Promise.all([
→ 29     prisma.document.findMany({
           where: {
             category: "Laporan Keuangan",
             date: {
               gte: new Date("Invalid Date"),
                    ~~~~~~~~~~~~~~~~~~~~~~~~
               lte: new Date("Invalid Date")
             }
           },
           orderBy: {
             companyCode: "asc"
           },
           skip: 0,
           take: 25,
           include: {
             company: {
               select: {
                 code: true,
                 name: true
               }
             }
           }
         })

Invalid value for argument `gte`: Provided Date object is invalid. Expected Date.
2025-10-30 10:30:00 [[32minfo[39m] [Cron] Memulai fetch berita...
2025-10-30 10:30:01 [[32minfo[39m] [Cron] Berhasil update berita.
