2025-10-14 09:52:00 [[31merror[39m] [Cron Error] Gagal parsing okezone: 
Invalid `prisma.source.upsert()` invocation in
C:\Users\Bootcamp Dumbways\one-news-paper\one-news-portal\src\services\news.service.ts:82:46

  79     articles: NormalizedArticle[],
  80     source: { name: string; url: string; rssUrl: string; category: string }
  81 ): Promise<void> {
→ 82     const sourceRecord = await prisma.source.upsert(
The table `public.Source` does not exist in the current database.
2025-10-14 09:53:00 [[31merror[39m] [Cron Error] Gagal parsing okezone: 
Invalid `prisma.source.upsert()` invocation in
C:\Users\Bootcamp Dumbways\one-news-paper\one-news-portal\src\services\news.service.ts:82:46

  79     articles: NormalizedArticle[],
  80     source: { name: string; url: string; rssUrl: string; category: string }
  81 ): Promise<void> {
→ 82     const sourceRecord = await prisma.source.upsert(
The table `public.Source` does not exist in the current database.
2025-10-14 09:54:00 [[31merror[39m] [Cron Error] Gagal parsing okezone: 
Invalid `prisma.source.upsert()` invocation in
C:\Users\Bootcamp Dumbways\one-news-paper\one-news-portal\src\services\news.service.ts:82:46

  79     articles: NormalizedArticle[],
  80     source: { name: string; url: string; rssUrl: string; category: string }
  81 ): Promise<void> {
→ 82     const sourceRecord = await prisma.source.upsert(
The table `public.Source` does not exist in the current database.
2025-10-14 09:57:01 [[31merror[39m] [Cron Error] Gagal parsing viva: Request timed out after 60000ms
2025-10-14 09:58:01 [[31merror[39m] [Cron Error] Gagal parsing antaranews: Request timed out after 60000ms
2025-10-14 09:59:00 [[31merror[39m] [Cron Error] Gagal parsing okezone: Request timed out after 60000ms
2025-10-14 10:31:01 [[31merror[39m] [Cron Error] Gagal parsing viva: Request timed out after 60000ms
2025-10-14 10:51:00 [[31merror[39m] [Cron Error] Gagal parsing cnn: Request timed out after 60000ms
2025-10-14 11:01:02 [[31merror[39m] [Cron Error] Gagal parsing antaranews: Request timed out after 60000ms
2025-10-14 11:11:00 [[31merror[39m] [Cron Error] Gagal parsing cnn: Request timed out after 60000ms
2025-10-14 11:41:01 [[31merror[39m] [Cron Error] Gagal parsing viva: Request timed out after 60000ms
2025-10-14 11:51:00 [[31merror[39m] [Cron Error] Gagal parsing cnn: Request timed out after 60000ms
2025-10-14 12:11:02 [[31merror[39m] [Cron Error] Gagal parsing antaranews: Request timed out after 60000ms
2025-10-14 12:31:00 [[31merror[39m] [Cron Error] Gagal parsing cnn: Request timed out after 60000ms
2025-10-14 12:41:01 [[31merror[39m] [Cron Error] Gagal parsing cnbc: Request timed out after 60000ms
2025-10-14 13:01:02 [[31merror[39m] [Cron Error] Gagal parsing viva: Request timed out after 60000ms
2025-10-14 13:22:40 [[31merror[39m] [Cron Error] Gagal parsing viva: Request timed out after 60000ms
2025-10-14 13:31:00 [[31merror[39m] [Cron Error] Gagal parsing cnn: Request timed out after 60000ms
2025-10-14 13:41:00 [[31merror[39m] [Cron Error] Gagal parsing okezone: Request timed out after 60000ms
2025-10-14 16:21:02 [[31merror[39m] [Cron Error] Gagal parsing viva: Request timed out after 60000ms
2025-10-14 16:41:00 [[31merror[39m] [Cron Error] Gagal parsing cnn: Request timed out after 60000ms
2025-10-14 16:51:00 [[31merror[39m] [Cron Error] Gagal parsing okezone: Request timed out after 60000ms
2025-10-14 17:11:01 [[31merror[39m] [Cron Error] Gagal parsing cnbc: Request timed out after 60000ms
2025-10-14 17:21:01 [[31merror[39m] [Cron Error] Gagal parsing cnn: Request timed out after 60000ms
2025-10-14 17:41:00 [[31merror[39m] [Cron Error] Gagal parsing cnn: Request timed out after 60000ms
2025-10-14 18:51:02 [[31merror[39m] [Cron Error] Gagal parsing viva: Request timed out after 60000ms
2025-10-14 19:01:01 [[31merror[39m] [Cron Error] Gagal parsing antaranews: Request timed out after 60000ms
2025-10-15 07:31:02 [[31merror[39m] [Cron Error] Gagal parsing viva: Request timed out after 60000ms
2025-10-15 07:41:00 [[31merror[39m] [Cron Error] Gagal parsing cnn: Request timed out after 60000ms
2025-10-15 07:51:02 [[31merror[39m] [Cron Error] Gagal parsing viva: Request timed out after 60000ms
2025-10-15 08:01:01 [[31merror[39m] [Cron Error] Gagal parsing cnbc: Request timed out after 60000ms
2025-10-15 08:11:00 [[31merror[39m] [Cron Error] Gagal parsing okezone: Request timed out after 60000ms
2025-10-15 08:21:01 [[31merror[39m] [Cron Error] Gagal parsing viva: Request timed out after 60000ms
2025-10-15 08:51:00 [[31merror[39m] [Cron Error] Gagal parsing cnn: Request timed out after 60000ms
2025-10-15 09:01:01 [[31merror[39m] [Cron Error] Gagal parsing cnbc: Request timed out after 60000ms
2025-10-15 09:21:00 [[31merror[39m] [Cron Error] Gagal parsing cnn: Request timed out after 60000ms
2025-10-15 10:01:01 [[31merror[39m] [Cron Error] Gagal parsing cnn: Request timed out after 60000ms
2025-10-15 10:31:01 [[31merror[39m] [Cron Error] Gagal parsing okezone: Request timed out after 60000ms
2025-10-15 10:51:02 [[31merror[39m] [Cron Error] Gagal parsing antaranews: Request timed out after 60000ms
2025-10-15 11:01:00 [[31merror[39m] [Cron Error] Gagal parsing okezone: Request timed out after 60000ms
2025-10-15 11:21:00 [[31merror[39m] [Cron Error] Gagal parsing cnn: Request timed out after 60000ms
2025-10-15 12:01:02 [[31merror[39m] [Cron Error] Gagal parsing viva: Request timed out after 60000ms
2025-10-15 12:11:01 [[31merror[39m] [Cron Error] Gagal parsing cnbc: Request timed out after 60000ms
2025-10-15 13:01:01 [[31merror[39m] [Cron Error] Gagal parsing cnbc: Request timed out after 60000ms
2025-10-15 13:31:02 [[31merror[39m] [Cron Error] Gagal parsing viva: Request timed out after 60000ms
2025-10-15 13:51:00 [[31merror[39m] [Cron Error] Gagal parsing cnn: Request timed out after 60000ms
2025-10-15 14:01:00 [[31merror[39m] [Cron Error] Gagal parsing cnn: Request timed out after 60000ms
2025-10-15 14:11:00 [[31merror[39m] [Cron Error] Gagal parsing cnn: Request timed out after 60000ms
2025-10-15 14:31:00 [[31merror[39m] [Cron Error] Gagal parsing cnn: Request timed out after 60000ms
2025-10-15 14:53:50 [[31merror[39m] [GET] /get-stockbit-user-post - Gagal mengambil data dari Stockbit
2025-10-15 14:55:40 [[31merror[39m] [GET] /get-stockbit-user-post - Gagal mengambil data dari Stockbit
2025-10-15 15:01:01 [[31merror[39m] [Cron Error] Gagal parsing cnn: Request timed out after 60000ms
2025-10-16 14:45:39 [[31merror[39m] [Cron Error] Gagal parsing viva: Request timed out after 60000ms
2025-10-16 14:47:22 [[31merror[39m] [Cron Error] Gagal parsing cnn: Request timed out after 60000ms
2025-10-16 14:51:00 [[31merror[39m] [Cron Error] Gagal parsing cnn: Request timed out after 60000ms
2025-10-16 14:53:00 [[31merror[39m] [Cron Error] Gagal parsing cnn: Request timed out after 60000ms
2025-10-16 15:01:01 [[31merror[39m] [Cron Error] Gagal parsing cnbc: Request timed out after 60000ms
2025-10-16 15:16:01 [[31merror[39m] [Cron Error] Gagal parsing cnbc: Request timed out after 60000ms
2025-10-18 13:46:03 [[31merror[39m] [Cron Error] Gagal parsing viva: Request timed out after 60000ms
2025-10-18 14:01:00 [[31merror[39m] [Cron Error] Gagal parsing cnn: Request timed out after 60000ms
2025-10-18 14:31:00 [[31merror[39m] [Cron Error] Gagal parsing cnbc: Request timed out after 60000ms
